<?xml version="1.0" encoding="UTF-8"?>
<testng-results ignored="0" total="1" passed="1" failed="0" skipped="0">
  <reporter-output>
  </reporter-output>
  <suite started-at="2022-09-21T15:35:27 IST" name="Default suite" finished-at="2022-09-21T15:35:29 IST" duration-ms="2350">
    <groups>
    </groups>
    <test started-at="2022-09-21T15:35:27 IST" name="Default test" finished-at="2022-09-21T15:35:29 IST" duration-ms="2350">
      <class name="withOutBDD.CreateProject">
        <test-method signature="createProjectTest()[pri:0, instance:withOutBDD.CreateProject@6f27a732]" started-at="2022-09-21T15:35:27 IST" name="createProjectTest" finished-at="2022-09-21T15:35:29 IST" duration-ms="2287" status="PASS">
          <reporter-output>
          </reporter-output>
        </test-method> <!-- createProjectTest -->
      </class> <!-- withOutBDD.CreateProject -->
    </test> <!-- Default test -->
  </suite> <!-- Default suite -->
</testng-results>
