<?xml version="1.0" encoding="UTF-8"?>
<testng-results total="1" passed="1" failed="0" skipped="0">
  <reporter-output>
  </reporter-output>
  <suite started-at="2022-11-10T17:53:47Z" name="Default suite" finished-at="2022-11-10T17:54:18Z" duration-ms="31170">
    <groups>
    </groups>
    <test started-at="2022-11-10T17:53:47Z" name="Default test" finished-at="2022-11-10T17:54:18Z" duration-ms="31170">
      <class name="practice.CreateCampaign">
        <test-method signature="createCampaignTest()[pri:0, instance:practice.CreateCampaign@5c00384f]" started-at="2022-11-10T23:23:47Z" name="createCampaignTest" finished-at="2022-11-10T23:24:18Z" duration-ms="31023" status="PASS">
          <reporter-output>
          </reporter-output>
        </test-method> <!-- createCampaignTest -->
      </class> <!-- practice.CreateCampaign -->
    </test> <!-- Default test -->
  </suite> <!-- Default suite -->
</testng-results>
